2019/10/23 16:38:44 ---
2019/10/23 16:41:15 ---
2019/10/23 16:42:17 ---
2019/11/03 10:40:59 ---
2019/11/03 15:43:56 ---
2019/11/03 15:48:59 unable to open database file
2019/11/03 15:55:39 unable to open database file
2019/11/03 16:01:49 unable to open database file
2019/11/03 16:06:13 ---
2019/11/03 17:26:39 ---
2019/11/03 18:23:34 ---
2019/11/04 12:11:42 ---
2019/11/04 12:29:30 ---
2019/11/04 13:21:20 ---
2019/11/04 13:39:48 ---
2019/11/04 13:42:49 ---
2019/11/04 14:01:22 ---
2019/11/04 14:10:57 ---
2019/11/04 15:15:19 ---
2019/11/04 15:53:36 ---
2019/11/04 16:04:37 ---
2019/11/04 16:04:45 Pikari server error - invalid app name in web socket handshake: /ws
2019/11/04 16:06:26 ---
2019/11/04 16:12:21 ---
2019/11/04 16:12:32 Pikari server error - invalid app name in web socket handshake: /
2019/11/04 16:14:20 ---
2019/11/04 16:14:36 Pikari server error - invalid app name in web socket handshake: /admin
2019/11/04 16:16:43 ---
2019/11/04 16:16:48 Pikari server error - invalid app name in web socket handshake: admin
2019/11/04 17:13:31 Pikari server error - could not unmarshal admin data
2019/11/04 17:14:23 Pikari server error - could not unmarshal admin data
2019/11/04 17:30:19 ---
2019/11/04 17:31:43 ---
2019/11/04 17:32:21 ---
2019/11/04 17:32:35 http: panic serving 127.0.0.1:38908: runtime error: slice bounds out of range [1:0]
goroutine 6 [running]:
net/http.(*conn).serve.func1(0xc00020c000)
	/snap/go/4762/src/net/http/server.go:1767 +0x139
panic(0x8bdc20, 0xc0000ac500)
	/snap/go/4762/src/runtime/panic.go:679 +0x1b2
main.ws(0x97e1c0, 0xc00011a0e0, 0xc000210000)
	/home/olli/go/src/Pikari/web.go:39 +0xe5f
net/http.HandlerFunc.ServeHTTP(0x90bd40, 0x97e1c0, 0xc00011a0e0, 0xc000210000)
	/snap/go/4762/src/net/http/server.go:2007 +0x44
net/http.(*ServeMux).ServeHTTP(0xe334c0, 0x97e1c0, 0xc00011a0e0, 0xc000210000)
	/snap/go/4762/src/net/http/server.go:2387 +0x1bd
net/http.serverHandler.ServeHTTP(0xc00011a000, 0x97e1c0, 0xc00011a0e0, 0xc000210000)
	/snap/go/4762/src/net/http/server.go:2802 +0xa4
net/http.(*conn).serve(0xc00020c000, 0x97ec80, 0xc0000b6680)
	/snap/go/4762/src/net/http/server.go:1890 +0x875
created by net/http.(*Server).Serve
	/snap/go/4762/src/net/http/server.go:2927 +0x38e
2019/11/04 17:35:45 ---
2019/11/04 18:05:05 ---
2019/11/04 18:21:10 ---
2019/11/04 18:21:30 Pikari server error - invalid app name in web socket handshake: admin
2019/11/04 18:32:51 ---
2019/11/05 10:28:11 json: cannot unmarshal bool into Go struct field appstruct.Autorestart of type int
2019/11/05 10:28:33 open : no such file or directory
/home/olli/go/src/Pikari/app.go:46: open : no such file or directory
2019/11/05 10:32:41 /home/olli/go/src/Pikari/app.go:46: open : no such file or directory
2019/11/05 10:33:57 /home/olli/go/src/Pikari/app.go:48: open : no such file or directory
2019/11/05 10:36:29 /home/olli/go/src/Pikari/app.go:49: open : no such file or directory
2019/11/05 10:39:06 /home/olli/go/src/Pikari/pikari.go:88: ---
2019/11/05 11:01:51 /home/olli/go/src/Pikari/pikari.go:93: ---
2019/11/05 11:02:01 /snap/go/4762/src/net/http/server.go:3055: http: panic serving 127.0.0.1:59166: runtime error: invalid memory address or nil pointer dereference
goroutine 34 [running]:
net/http.(*conn).serve.func1(0xc00013c000)
	/snap/go/4762/src/net/http/server.go:1767 +0x139
panic(0x87b280, 0xdedf60)
	/snap/go/4762/src/runtime/panic.go:679 +0x1b2
main.checkUser(0xc0001401c0, 0x0, 0x0, 0x845ae0)
	/home/olli/go/src/Pikari/user.go:66 +0x67
main.ws(0x97e9a0, 0xc000160000, 0xc000150000)
	/home/olli/go/src/Pikari/web.go:78 +0x3d3
net/http.HandlerFunc.ServeHTTP(0x90c3a0, 0x97e9a0, 0xc000160000, 0xc000150000)
	/snap/go/4762/src/net/http/server.go:2007 +0x44
net/http.(*ServeMux).ServeHTTP(0xe344c0, 0x97e9a0, 0xc000160000, 0xc000150000)
	/snap/go/4762/src/net/http/server.go:2387 +0x1bd
net/http.serverHandler.ServeHTTP(0xc000122000, 0x97e9a0, 0xc000160000, 0xc000150000)
	/snap/go/4762/src/net/http/server.go:2802 +0xa4
net/http.(*conn).serve(0xc00013c000, 0x97f460, 0xc000140000)
	/snap/go/4762/src/net/http/server.go:1890 +0x875
created by net/http.(*Server).Serve
	/snap/go/4762/src/net/http/server.go:2927 +0x38e
2019/11/05 11:05:21 /home/olli/go/src/Pikari/pikari.go:93: ---
2019/11/05 11:27:22 /home/olli/go/src/Pikari/pikari.go:93: ---
2019/11/05 11:31:04 /home/olli/go/src/Pikari/pikari.go:93: ---
2019/11/05 11:31:25 /home/olli/go/src/Pikari/user.go:67: wrong password: aaa
2019/11/05 11:32:01 /home/olli/go/src/Pikari/user.go:67: wrong password: aaa
2019/11/05 11:32:52 /home/olli/go/src/Pikari/user.go:67: wrong password: aaa
2019/11/05 11:33:52 /home/olli/go/src/Pikari/pikari.go:93: ---
2019/11/05 11:34:34 /home/olli/go/src/Pikari/user.go:67: wrong password: aaa
2019/11/05 11:35:16 /home/olli/go/src/Pikari/pikari.go:93: ---
2019/11/05 11:41:17 /home/olli/go/src/Pikari/pikari.go:93: ---
2019/11/05 12:21:51 /home/olli/go/src/Pikari/pikari.go:93: ---
2019/11/05 12:22:13 /home/olli/go/src/Pikari/pikari.go:93: ---
